<?xml version="1.0" encoding="UTF-8"?>
<!-- Generated by org.testng.reporters.JUnitReportReporter -->
<testsuite hostname="DESKTOP-3JIP3OF" name="com.ep.testscripts.TestSuite" tests="10" failures="0" timestamp="29 Jun 2018 06:17:50 GMT" time="127.116" errors="0">
  <testcase name="Login" time="0.183" classname="com.ep.testscripts.TestSuite"/>
  <testcase name="Taxstatement" time="0.184" classname="com.ep.testscripts.TestSuite"/>
  <testcase name="ChangePassword" time="2.101" classname="com.ep.testscripts.TestSuite"/>
  <testcase name="Updateingprofile" time="6.851" classname="com.ep.testscripts.TestSuite"/>
  <testcase name="ContactUs" time="6.597" classname="com.ep.testscripts.TestSuite"/>
  <testcase name="waitinglistformfilling" time="19.997" classname="com.ep.testscripts.TestSuite"/>
  <testcase name="SignupProcess" time="12.525" classname="com.ep.testscripts.TestSuite"/>
  <testcase name="fillingform" time="73.563" classname="com.ep.testscripts.TestSuite"/>
  <testcase name="AccLogout" time="1.572" classname="com.ep.testscripts.TestSuite"/>
  <testcase name="ForgotPassword" time="3.543" classname="com.ep.testscripts.TestSuite"/>
</testsuite> <!-- com.ep.testscripts.TestSuite -->
