<?xml version="1.0" encoding="UTF-8"?>
<!-- Generated by org.testng.reporters.JUnitReportReporter -->
<testsuite hostname="DESKTOP-3JIP3OF" name="com.ep.testscripts.TestSuite" tests="2" failures="0" timestamp="11 Oct 2017 09:55:35 GMT" time="46.656" errors="0">
  <testcase name="fillingform" time="23.508" classname="com.ep.testscripts.TestSuite"/>
  <testcase name="Login" time="23.148" classname="com.ep.testscripts.TestSuite"/>
</testsuite> <!-- com.ep.testscripts.TestSuite -->
