<?xml version="1.0" encoding="UTF-8"?>
<!-- Generated by org.testng.reporters.JUnitReportReporter -->
<testsuite hostname="DESKTOP-3JIP3OF" name="com.ep.testscripts.TestSuite" tests="2" failures="0" timestamp="5 Sep 2017 07:40:08 GMT" time="99.340" errors="0">
  <testcase name="Login" time="19.277" classname="com.ep.testscripts.TestSuite"/>
  <testcase name="fillingform" time="80.063" classname="com.ep.testscripts.TestSuite"/>
</testsuite> <!-- com.ep.testscripts.TestSuite -->
