<?xml version="1.0" encoding="UTF-8"?>
<!-- Generated by org.testng.reporters.JUnitReportReporter -->
<testsuite hostname="DESKTOP-3JIP3OF" name="com.ep.testscripts.TestSuite" tests="2" failures="0" timestamp="1 Jun 2017 09:14:17 GMT" time="47.085" errors="0">
  <testcase name="fillingform" time="31.336" classname="com.ep.testscripts.TestSuite"/>
  <testcase name="Login" time="15.749" classname="com.ep.testscripts.TestSuite"/>
</testsuite> <!-- com.ep.testscripts.TestSuite -->
