<?xml version="1.0" encoding="UTF-8"?>
<!-- Generated by org.testng.reporters.JUnitReportReporter -->
<testsuite hostname="DESKTOP-3JIP3OF" name="com.ep.testscripts.TestSuite" tests="1" failures="0" timestamp="28 Apr 2017 09:11:18 GMT" time="19.715" errors="0">
  <testcase name="Login" time="19.715" classname="com.ep.testscripts.TestSuite"/>
</testsuite> <!-- com.ep.testscripts.TestSuite -->
