<?xml version="1.0" encoding="UTF-8"?>
<!-- Generated by org.testng.reporters.JUnitReportReporter -->
<testsuite hostname="DESKTOP-3JIP3OF" name="com.ep.testscripts.TestSuite" tests="1" failures="0" timestamp="26 Oct 2016 10:12:02 GMT" time="9.142" errors="0">
  <testcase name="SignupProcess" time="9.142" classname="com.ep.testscripts.TestSuite"/>
</testsuite> <!-- com.ep.testscripts.TestSuite -->
