<?xml version="1.0" encoding="UTF-8"?>
<!-- Generated by org.testng.reporters.JUnitReportReporter -->
<testsuite hostname="DESKTOP-3JIP3OF" name="com.sp.testscripts.SampleTestSuite" tests="1" failures="0" timestamp="13 Sep 2016 13:17:19 GMT" time="14.515" errors="0">
  <testcase name="Login" time="14.515" classname="com.sp.testscripts.SampleTestSuite"/>
</testsuite> <!-- com.sp.testscripts.SampleTestSuite -->
