<?xml version="1.0" encoding="UTF-8"?>
<!-- Generated by org.testng.reporters.JUnitReportReporter -->
<testsuite hostname="DESKTOP-3JIP3OF" name="com.ep.testscripts.TestSuite" tests="1" failures="0" timestamp="1 May 2017 11:08:53 GMT" time="20.748" errors="0">
  <testcase name="Login" time="20.748" classname="com.ep.testscripts.TestSuite"/>
</testsuite> <!-- com.ep.testscripts.TestSuite -->
